This is pdfTeX, Version 3.1415926-2.5-1.40.14 (TeX Live 2013/Debian) (format=latex 2013.11.8)  9 NOV 2013 23:03
entering extended mode
 restricted \write18 enabled.
 %&-line parsing enabled.
**main
(./main.tex
LaTeX2e <2011/06/27>
Babel <3.9f> and hyphenation patterns for 2 languages loaded.
(/usr/share/texlive/texmf-dist/tex/latex/base/book.cls
Document Class: book 2007/10/19 v1.4h Standard LaTeX document class
(/usr/share/texlive/texmf-dist/tex/latex/base/bk10.clo
File: bk10.clo 2007/10/19 v1.4h Standard LaTeX file (size option)
)
\c@part=\count79
\c@chapter=\count80
\c@section=\count81
\c@subsection=\count82
\c@subsubsection=\count83
\c@paragraph=\count84
\c@subparagraph=\count85
\c@figure=\count86
\c@table=\count87
\abovecaptionskip=\skip41
\belowcaptionskip=\skip42
\bibindent=\dimen102
)
(/usr/share/texlive/texmf-dist/tex/latex/hyperref/hyperref.sty
Package: hyperref 2012/11/06 v6.83m Hypertext links for LaTeX

(/usr/share/texlive/texmf-dist/tex/generic/oberdiek/hobsub-hyperref.sty
Package: hobsub-hyperref 2012/05/28 v1.13 Bundle oberdiek, subset hyperref (HO)


(/usr/share/texlive/texmf-dist/tex/generic/oberdiek/hobsub-generic.sty
Package: hobsub-generic 2012/05/28 v1.13 Bundle oberdiek, subset generic (HO)
Package: hobsub 2012/05/28 v1.13 Construct package bundles (HO)
Package: infwarerr 2010/04/08 v1.3 Providing info/warning/error messages (HO)
Package: ltxcmds 2011/11/09 v1.22 LaTeX kernel commands for general use (HO)
Package: ifluatex 2010/03/01 v1.3 Provides the ifluatex switch (HO)
Package ifluatex Info: LuaTeX not detected.
Package: ifvtex 2010/03/01 v1.5 Detect VTeX and its facilities (HO)
Package ifvtex Info: VTeX not detected.
Package: intcalc 2007/09/27 v1.1 Expandable calculations with integers (HO)
Package: ifpdf 2011/01/30 v2.3 Provides the ifpdf switch (HO)
Package ifpdf Info: pdfTeX in PDF mode is not detected.
Package: etexcmds 2011/02/16 v1.5 Avoid name clashes with e-TeX commands (HO)
Package etexcmds Info: Could not find \expanded.
(etexcmds)             That can mean that you are not using pdfTeX 1.50 or
(etexcmds)             that some package has redefined \expanded.
(etexcmds)             In the latter case, load this package earlier.
Package: kvsetkeys 2012/04/25 v1.16 Key value parser (HO)
Package: kvdefinekeys 2011/04/07 v1.3 Define keys (HO)
Package: pdftexcmds 2011/11/29 v0.20 Utility functions of pdfTeX for LuaTeX (HO
)
Package pdftexcmds Info: LuaTeX not detected.
Package pdftexcmds Info: \pdf@primitive is available.
Package pdftexcmds Info: \pdf@ifprimitive is available.
Package pdftexcmds Info: \pdfdraftmode is ignored in DVI mode.
Package: pdfescape 2011/11/25 v1.13 Implements pdfTeX's escape features (HO)
Package: bigintcalc 2012/04/08 v1.3 Expandable calculations on big integers (HO
)
Package: bitset 2011/01/30 v1.1 Handle bit-vector datatype (HO)
Package: uniquecounter 2011/01/30 v1.2 Provide unlimited unique counter (HO)
)
Package hobsub Info: Skipping package `hobsub' (already loaded).
Package: letltxmacro 2010/09/02 v1.4 Let assignment for LaTeX macros (HO)
Package: hopatch 2012/05/28 v1.2 Wrapper for package hooks (HO)
Package: xcolor-patch 2011/01/30 xcolor patch
Package: atveryend 2011/06/30 v1.8 Hooks at the very end of document (HO)
Package atveryend Info: \enddocument detected (standard20110627).
Package: atbegshi 2011/10/05 v1.16 At begin shipout hook (HO)
Package: refcount 2011/10/16 v3.4 Data extraction from label references (HO)
Package: hycolor 2011/01/30 v1.7 Color options for hyperref/bookmark (HO)
)
(/usr/share/texlive/texmf-dist/tex/latex/graphics/keyval.sty
Package: keyval 1999/03/16 v1.13 key=value parser (DPC)
\KV@toks@=\toks14
)
(/usr/share/texlive/texmf-dist/tex/generic/ifxetex/ifxetex.sty
Package: ifxetex 2010/09/12 v0.6 Provides ifxetex conditional
)
(/usr/share/texlive/texmf-dist/tex/latex/oberdiek/auxhook.sty
Package: auxhook 2011/03/04 v1.3 Hooks for auxiliary files (HO)
)
(/usr/share/texlive/texmf-dist/tex/latex/oberdiek/kvoptions.sty
Package: kvoptions 2011/06/30 v3.11 Key value format for package options (HO)
)
\@linkdim=\dimen103
\Hy@linkcounter=\count88
\Hy@pagecounter=\count89

(/usr/share/texlive/texmf-dist/tex/latex/hyperref/pd1enc.def
File: pd1enc.def 2012/11/06 v6.83m Hyperref: PDFDocEncoding definition (HO)
)
\Hy@SavedSpaceFactor=\count90

(/usr/share/texlive/texmf-dist/tex/latex/latexconfig/hyperref.cfg
File: hyperref.cfg 2002/06/06 v1.2 hyperref configuration of TeXLive
)
Package hyperref Info: Hyper figures OFF on input line 4443.
Package hyperref Info: Link nesting OFF on input line 4448.
Package hyperref Info: Hyper index ON on input line 4451.
Package hyperref Info: Plain pages OFF on input line 4458.
Package hyperref Info: Backreferencing OFF on input line 4463.
Package hyperref Info: Implicit mode ON; LaTeX internals redefined.
Package hyperref Info: Bookmarks ON on input line 4688.
\c@Hy@tempcnt=\count91

(/usr/share/texlive/texmf-dist/tex/latex/url/url.sty
\Urlmuskip=\muskip10
Package: url 2006/04/12  ver 3.3  Verb mode for urls, etc.
)
LaTeX Info: Redefining \url on input line 5041.
\XeTeXLinkMargin=\dimen104
\Fld@menulength=\count92
\Field@Width=\dimen105
\Fld@charsize=\dimen106
Package hyperref Info: Hyper figures OFF on input line 6295.
Package hyperref Info: Link nesting OFF on input line 6300.
Package hyperref Info: Hyper index ON on input line 6303.
Package hyperref Info: backreferencing OFF on input line 6310.
Package hyperref Info: Link coloring OFF on input line 6315.
Package hyperref Info: Link coloring with OCG OFF on input line 6320.
Package hyperref Info: PDF/A mode OFF on input line 6325.
LaTeX Info: Redefining \ref on input line 6365.
LaTeX Info: Redefining \pageref on input line 6369.
\Hy@abspage=\count93
\c@Item=\count94
\c@Hfootnote=\count95
)

Package hyperref Message: Driver (default): hdvips.

(/usr/share/texlive/texmf-dist/tex/latex/hyperref/hdvips.def
File: hdvips.def 2012/11/06 v6.83m Hyperref driver for dvips

(/usr/share/texlive/texmf-dist/tex/latex/hyperref/pdfmark.def
File: pdfmark.def 2012/11/06 v6.83m Hyperref definitions for pdfmark specials
\pdf@docset=\toks15
\pdf@box=\box26
\pdf@toks=\toks16
\pdf@defaulttoks=\toks17
\HyField@AnnotCount=\count96
\Fld@listcount=\count97
\c@bookmark@seq@number=\count98

(/usr/share/texlive/texmf-dist/tex/latex/oberdiek/rerunfilecheck.sty
Package: rerunfilecheck 2011/04/15 v1.7 Rerun checks for auxiliary files (HO)
Package uniquecounter Info: New unique counter `rerunfilecheck' on input line 2
82.
)
\Hy@SectionHShift=\skip43
))
(/usr/share/texlive/texmf-dist/tex/latex/glossaries/base/glossaries.sty
Package: glossaries 2013/07/05 v3.07 (NLCT)

(/usr/share/texlive/texmf-dist/tex/latex/base/ifthen.sty
Package: ifthen 2001/05/26 v1.1c Standard LaTeX ifthen package (DPC)
)
(/usr/share/texlive/texmf-dist/tex/latex/xkeyval/xkeyval.sty
Package: xkeyval 2012/10/14 v2.6b package option processing (HA)

(/usr/share/texlive/texmf-dist/tex/generic/xkeyval/xkeyval.tex
\XKV@toks=\toks18
\XKV@tempa@toks=\toks19
\XKV@depth=\count99
File: xkeyval.tex 2012/10/14 v2.6b key=value parser (HA)
))
(/usr/share/texlive/texmf-dist/tex/latex/glossaries/base/mfirstuc.sty
Package: mfirstuc 2012/05/21 v1.06 (NLCT)

(/usr/share/texlive/texmf-dist/tex/latex/etoolbox/etoolbox.sty
Package: etoolbox 2011/01/03 v2.1 e-TeX tools for LaTeX

(/usr/share/texlive/texmf-dist/tex/latex/etex-pkg/etex.sty
Package: etex 1998/03/26 v2.0 eTeX basic definition package (PEB)
\et@xins=\count100
)
\etb@tempcnta=\count101
)
\@glsmfirst=\toks20
\@glsmrest=\toks21
)
(/usr/share/texlive/texmf-dist/tex/latex/xfor/xfor.sty
Package: xfor 2009/02/05 v1.05 (NLCT)
)
(/usr/share/texlive/texmf-dist/tex/latex/datatool/datatool-base.sty
Package: datatool-base 2013/06/28 v2.14 (NLCT)

(/usr/share/texlive/texmf-dist/tex/latex/amsmath/amsmath.sty
Package: amsmath 2013/01/14 v2.14 AMS math features
\@mathmargin=\skip44

For additional information on amsmath, use the `?' option.
(/usr/share/texlive/texmf-dist/tex/latex/amsmath/amstext.sty
Package: amstext 2000/06/29 v2.01

(/usr/share/texlive/texmf-dist/tex/latex/amsmath/amsgen.sty
File: amsgen.sty 1999/11/30 v2.0
\@emptytoks=\toks22
\ex@=\dimen107
))
(/usr/share/texlive/texmf-dist/tex/latex/amsmath/amsbsy.sty
Package: amsbsy 1999/11/29 v1.2d
\pmbraise@=\dimen108
)
(/usr/share/texlive/texmf-dist/tex/latex/amsmath/amsopn.sty
Package: amsopn 1999/12/14 v2.01 operator names
)
\inf@bad=\count102
LaTeX Info: Redefining \frac on input line 210.
\uproot@=\count103
\leftroot@=\count104
LaTeX Info: Redefining \overline on input line 306.
\classnum@=\count105
\DOTSCASE@=\count106
LaTeX Info: Redefining \ldots on input line 378.
LaTeX Info: Redefining \dots on input line 381.
LaTeX Info: Redefining \cdots on input line 466.
\Mathstrutbox@=\box27
\strutbox@=\box28
\big@size=\dimen109
LaTeX Font Info:    Redeclaring font encoding OML on input line 566.
LaTeX Font Info:    Redeclaring font encoding OMS on input line 567.
\macc@depth=\count107
\c@MaxMatrixCols=\count108
\dotsspace@=\muskip11
\c@parentequation=\count109
\dspbrk@lvl=\count110
\tag@help=\toks23
\row@=\count111
\column@=\count112
\maxfields@=\count113
\andhelp@=\toks24
\eqnshift@=\dimen110
\alignsep@=\dimen111
\tagshift@=\dimen112
\tagwidth@=\dimen113
\totwidth@=\dimen114
\lineht@=\dimen115
\@envbody=\toks25
\multlinegap=\skip45
\multlinetaggap=\skip46
\mathdisplay@stack=\toks26
LaTeX Info: Redefining \[ on input line 2665.
LaTeX Info: Redefining \] on input line 2666.
)
(/usr/share/texlive/texmf-dist/tex/latex/substr/substr.sty
Package: substr 2009/10/20 v1.2 Handle substrings
\c@su@anzahl=\count114
)
(/usr/share/texlive/texmf-dist/tex/latex/datatool/datatool-fp.sty
Package: datatool-fp 2013/06/28 v2.14 (NLCT)

(/usr/share/texlive/texmf-dist/tex/latex/fp/fp.sty
Package: fp 1995/04/02

`Fixed Point Package', Version 0.8, April 2, 1995 (C) Michael Mehlich
(/usr/share/texlive/texmf-dist/tex/latex/fp/defpattern.sty
Package: defpattern 1994/10/12
\actioncount=\count115
)
(/usr/share/texlive/texmf-dist/tex/latex/fp/fp-basic.sty
Package: fp-basic 1996/05/13
\FP@xs=\count116
\FP@xia=\count117
\FP@xib=\count118
\FP@xfa=\count119
\FP@xfb=\count120
\FP@rega=\count121
\FP@regb=\count122
\FP@regs=\count123
\FP@times=\count124
)
(/usr/share/texlive/texmf-dist/tex/latex/fp/fp-addons.sty
Package: fp-addons 1995/03/15
)
(/usr/share/texlive/texmf-dist/tex/latex/fp/fp-snap.sty
Package: fp-snap 1995/04/05
)
(/usr/share/texlive/texmf-dist/tex/latex/fp/fp-exp.sty
Package: fp-exp 1995/04/03
)
(/usr/share/texlive/texmf-dist/tex/latex/fp/fp-trigo.sty
Package: fp-trigo 1995/04/14
)
(/usr/share/texlive/texmf-dist/tex/latex/fp/fp-pas.sty
Package: fp-pas 1994/08/29
)
(/usr/share/texlive/texmf-dist/tex/latex/fp/fp-random.sty
Package: fp-random 1995/02/23
\FPseed=\count125
)
(/usr/share/texlive/texmf-dist/tex/latex/fp/fp-eqn.sty
Package: fp-eqn 1995/04/03
)
(/usr/share/texlive/texmf-dist/tex/latex/fp/fp-upn.sty
Package: fp-upn 1996/10/21
)
(/usr/share/texlive/texmf-dist/tex/latex/fp/fp-eval.sty
Package: fp-eval 1995/04/03
)))
\@dtl@toks=\toks27
\@dtl@tmpcount=\count126
\dtl@tmplength=\skip47
\dtl@sortresult=\count127
\@dtl@numgrpsepcount=\count128
\@dtl@datatype=\count129
\dtl@codeA=\count130
\dtl@codeB=\count131
\@dtl@foreach@level=\count132
)
\gls@level=\count133
\@gls@tmpb=\toks28
\gls@tmplen=\skip48
\glswrite=\write3
\glskeylisttok=\toks29
\glslabeltok=\toks30
\glsshorttok=\toks31
\glslongtok=\toks32

(/usr/share/texlive/texmf-dist/tex/latex/glossaries/styles/glossary-hypernav.st
y
Package: glossary-hypernav 2007/07/04 v1.01 (NLCT)
) (/usr/share/texlive/texmf-dist/tex/latex/glossaries/styles/glossary-list.sty
Package: glossary-list 2012/11/11 v3.04 (NLCT)
\glslistdottedwidth=\skip49
) (/usr/share/texlive/texmf-dist/tex/latex/glossaries/styles/glossary-long.sty
Package: glossary-long 2012/09/21 v3.03 (NLCT)

(/usr/share/texlive/texmf-dist/tex/latex/tools/longtable.sty
Package: longtable 2004/02/01 v4.11 Multi-page Table package (DPC)
\LTleft=\skip50
\LTright=\skip51
\LTpre=\skip52
\LTpost=\skip53
\LTchunksize=\count134
\LTcapwidth=\dimen116
\LT@head=\box29
\LT@firsthead=\box30
\LT@foot=\box31
\LT@lastfoot=\box32
\LT@cols=\count135
\LT@rows=\count136
\c@LT@tables=\count137
\c@LT@chunks=\count138
\LT@p@ftn=\toks33
)
\glsdescwidth=\skip54
\glspagelistwidth=\skip55
)
(/usr/share/texlive/texmf-dist/tex/latex/glossaries/styles/glossary-super.sty
Package: glossary-super 2012/09/21 v3.03 (NLCT)

(/usr/share/texlive/texmf-dist/tex/latex/supertabular/supertabular.sty
Package: supertabular 2004/02/20 v4.1e the supertabular environment
\c@tracingst=\count139
\ST@wd=\dimen117
\ST@rightskip=\skip56
\ST@leftskip=\skip57
\ST@parfillskip=\skip58
\ST@pageleft=\dimen118
\ST@headht=\dimen119
\ST@tailht=\dimen120
\ST@pagesofar=\dimen121
\ST@pboxht=\dimen122
\ST@lineht=\dimen123
\ST@stretchht=\dimen124
\ST@prevht=\dimen125
\ST@toadd=\dimen126
\ST@dimen=\dimen127
\ST@pbox=\box33
))
(/usr/share/texlive/texmf-dist/tex/latex/glossaries/styles/glossary-tree.sty
Package: glossary-tree 2012/09/21 v3.03 (NLCT)
\glstreeindent=\skip59
))
\glo@main@file=\write4
\openout4 = `main.glo'.

Package glossaries Info: Writing glossary file main.glo on input line 19.

(./main.aux)
\openout1 = `main.aux'.

LaTeX Font Info:    Checking defaults for OML/cmm/m/it on input line 21.
LaTeX Font Info:    ... okay on input line 21.
LaTeX Font Info:    Checking defaults for T1/cmr/m/n on input line 21.
LaTeX Font Info:    ... okay on input line 21.
LaTeX Font Info:    Checking defaults for OT1/cmr/m/n on input line 21.
LaTeX Font Info:    ... okay on input line 21.
LaTeX Font Info:    Checking defaults for OMS/cmsy/m/n on input line 21.
LaTeX Font Info:    ... okay on input line 21.
LaTeX Font Info:    Checking defaults for OMX/cmex/m/n on input line 21.
LaTeX Font Info:    ... okay on input line 21.
LaTeX Font Info:    Checking defaults for U/cmr/m/n on input line 21.
LaTeX Font Info:    ... okay on input line 21.
LaTeX Font Info:    Checking defaults for PD1/pdf/m/n on input line 21.
LaTeX Font Info:    ... okay on input line 21.
\AtBeginShipoutBox=\box34
Package hyperref Info: Link coloring OFF on input line 21.
 (/usr/share/texlive/texmf-dist/tex/latex/hyperref/nameref.sty
Package: nameref 2012/10/27 v2.43 Cross-referencing by name of section

(/usr/share/texlive/texmf-dist/tex/generic/oberdiek/gettitlestring.sty
Package: gettitlestring 2010/12/03 v1.4 Cleanup title references (HO)
)
\c@section@level=\count140
)
LaTeX Info: Redefining \ref on input line 21.
LaTeX Info: Redefining \pageref on input line 21.
LaTeX Info: Redefining \nameref on input line 21.

(./main.out) (./main.out)
\@outlinefile=\write5
\openout5 = `main.out'.

 (./glossary.tex) [1

\openout3 = `main.ist'.


] (./main.gls [2

]) [3

] [4

]
(./main.toc [5] [6] [7]
Overfull \hbox (70.6953pt too wide) in paragraph at lines 132--132
 [][] [] []  
 []

)
\tf@toc=\write6
\openout6 = `main.toc'.

 (./inputs.tex (./requirements/01-user/00-user.tex [8] [9

] [10])
(./requirements/01-user/01-req01.tex

Package hyperref Warning: Difference (5) between bookmark levels is greater 
(hyperref)                than one, level fixed on input line 2.


Package hyperref Warning: Difference (4) between bookmark levels is greater 
(hyperref)                than one, level fixed on input line 10.


Package hyperref Warning: Difference (3) between bookmark levels is greater 
(hyperref)                than one, level fixed on input line 18.


Package hyperref Warning: Difference (2) between bookmark levels is greater 
(hyperref)                than one, level fixed on input line 26.

[11]
Overfull \hbox (1.89908pt too wide) in paragraph at lines 127--128
[] [][][][][]\OT1/cmr/m/it/10 s shall au-to-mat-i-cally be-come [][][][][]s of 
their self-opened
 []


Overfull \hbox (7.99474pt too wide) in paragraph at lines 137--138
\OT1/cmr/m/it/10 in his [][][][][]. [][][][][]s with [][][][][] rights, that ar
e not the [][][][][]
 []

[12]
Overfull \hbox (29.51237pt too wide) in paragraph at lines 155--156
\OT1/cmr/m/it/10 other [][][][][]s. Only the [][][][][] shall be able to re-mov
e [][][][][]s.
 []

[13]
Overfull \hbox (9.46004pt too wide) in paragraph at lines 203--204
[] \OT1/cmr/m/it/10 In a whiteboard-[][][][][] the [][][][][] shall be able to 
give/remove
 []

[14]
Overfull \hbox (35.75981pt too wide) in paragraph at lines 263--264
[] \OT1/cmr/m/it/10 The [][][][][]s shall be record-able(video,voice,whiteboard
) or savable(chat-
 []

[15]) (./requirements/02-system/00-system.tex [16] [17

] [18])
(./requirements/02-system/01-non-functional/00-nf.tex
Chapter 1.
) (./requirements/02-system/01-non-functional/01-product/00-pro.tex)
(./requirements/02-system/01-non-functional/01-product/01-usability/00-usab.tex
)
(./requirements/02-system/01-non-functional/01-product/01-usability/01-req01.te
x

Package hyperref Warning: Difference (2) between bookmark levels is greater 
(hyperref)                than one, level fixed on input line 2.

)
(./requirements/02-system/01-non-functional/01-product/01-usability/02-req02.te
x)
(./requirements/02-system/01-non-functional/01-product/01-usability/03-req03.te
x)
(./requirements/02-system/01-non-functional/01-product/01-usability/04-req04.te
x)
(./requirements/02-system/01-non-functional/01-product/01-usability/05-req05.te
x [19

])
(./requirements/02-system/01-non-functional/01-product/01-usability/06-req06.te
x)
(./requirements/02-system/01-non-functional/01-product/01-usability/07-req07.te
x)
(./requirements/02-system/01-non-functional/01-product/01-usability/08-req08.te
x)
(./requirements/02-system/01-non-functional/01-product/01-usability/09-req09.te
x)
(./requirements/02-system/01-non-functional/01-product/01-usability/10-req10.te
x)
(./requirements/02-system/01-non-functional/01-product/01-usability/11-req11.te
x)
(./requirements/02-system/01-non-functional/01-product/01-usability/12-req12.te
x)
(./requirements/02-system/01-non-functional/01-product/01-usability/13-req13.te
x [20])
(./requirements/02-system/01-non-functional/01-product/02-efficiency/00-eff.tex
)
(./requirements/02-system/01-non-functional/01-product/02-efficiency/01-perform
ance/00-perf.tex)
(./requirements/02-system/01-non-functional/01-product/02-efficiency/01-perform
ance/01-req01.tex)
(./requirements/02-system/01-non-functional/01-product/02-efficiency/01-perform
ance/02-req02.tex)
(./requirements/02-system/01-non-functional/01-product/02-efficiency/01-perform
ance/03-req03.tex)
(./requirements/02-system/01-non-functional/01-product/02-efficiency/01-perform
ance/04-req04.tex)
(./requirements/02-system/01-non-functional/01-product/02-efficiency/01-perform
ance/05-req05.tex)
(./requirements/02-system/01-non-functional/01-product/02-efficiency/01-perform
ance/06-req06.tex)
(./requirements/02-system/01-non-functional/01-product/02-efficiency/01-perform
ance/07-tex07.tex [21])
(./requirements/02-system/01-non-functional/01-product/02-efficiency/02-space/0
0-space.tex)
(./requirements/02-system/01-non-functional/01-product/02-efficiency/02-space/0
1-req01.tex)
(./requirements/02-system/01-non-functional/01-product/02-efficiency/02-space/0
2-req02.tex)
(./requirements/02-system/01-non-functional/01-product/02-efficiency/02-space/0
3-req03.tex)
(./requirements/02-system/01-non-functional/01-product/02-efficiency/02-space/0
4-req04.tex)
(./requirements/02-system/01-non-functional/01-product/02-efficiency/02-space/0
5-req05.tex)
(./requirements/02-system/01-non-functional/01-product/03-dependability/00-dep.
tex)
(./requirements/02-system/01-non-functional/01-product/03-dependability/01-req0
1.tex

Package hyperref Warning: Difference (2) between bookmark levels is greater 
(hyperref)                than one, level fixed on input line 2.

)
(./requirements/02-system/01-non-functional/01-product/03-dependability/02-req0
2.tex [22])
(./requirements/02-system/01-non-functional/01-product/03-dependability/03-req0
3.tex)
(./requirements/02-system/01-non-functional/01-product/03-dependability/04-req0
4.tex)
(./requirements/02-system/01-non-functional/01-product/03-dependability/05-tex0
5.tex)
(./requirements/02-system/01-non-functional/01-product/04-security/00-sec.tex)
(./requirements/02-system/01-non-functional/01-product/04-security/01-req01.tex

Package hyperref Warning: Difference (2) between bookmark levels is greater 
(hyperref)                than one, level fixed on input line 2.

)
(./requirements/02-system/01-non-functional/01-product/04-security/02-req02.tex
[23])
(./requirements/02-system/01-non-functional/01-product/04-security/03-req03.tex
)
(./requirements/02-system/01-non-functional/01-product/04-security/04-req04.tex
)
(./requirements/02-system/01-non-functional/01-product/04-security/05-req05.tex
)
(./requirements/02-system/01-non-functional/01-product/04-security/06-req06.tex
)
(./requirements/02-system/01-non-functional/01-product/04-security/07-req07.tex
)
(./requirements/02-system/01-non-functional/01-product/04-security/08-req08.tex
)
(./requirements/02-system/01-non-functional/01-product/04-security/09-req09.tex

Overfull \hbox (3.40363pt too wide) in paragraph at lines 4--5
[] \OT1/cmr/m/it/10 STATE-MEMT Func-tions like recording,mute,sub-moderation ri
ghts
 []

[24])
(./requirements/02-system/01-non-functional/01-product/04-security/10-req10.tex
) (./requirements/02-system/01-non-functional/02-organizational/00-org.tex)
(./requirements/02-system/01-non-functional/02-organizational/01-environmental/
00-env.tex)
(./requirements/02-system/01-non-functional/02-organizational/01-environmental/
01-req01.tex

Package hyperref Warning: Difference (2) between bookmark levels is greater 
(hyperref)                than one, level fixed on input line 2.

)
(./requirements/02-system/01-non-functional/02-organizational/01-environmental/
02-req02.tex)
(./requirements/02-system/01-non-functional/02-organizational/02-operational/00
-op.tex)
(./requirements/02-system/01-non-functional/02-organizational/02-operational/01
-req01.tex

Package hyperref Warning: Difference (2) between bookmark levels is greater 
(hyperref)                than one, level fixed on input line 2.

)
(./requirements/02-system/01-non-functional/02-organizational/03-development/00
-dev.tex) (./requirements/02-system/01-non-functional/03-external/00-ext.tex)
(./requirements/02-system/01-non-functional/03-external/01-regulatory/00-reg.te
x)
(./requirements/02-system/01-non-functional/03-external/02-ethical/00-eth.tex)
(./requirements/02-system/01-non-functional/03-external/03-legislative/00-leg.t
ex)
(./requirements/02-system/01-non-functional/03-external/03-legislative/01-accou
nting/00-leg.tex)
(./requirements/02-system/01-non-functional/03-external/03-legislative/01-req01
.tex [25])
(./requirements/02-system/01-non-functional/03-external/03-legislative/02-safet
y_security/00-safsec.tex)
(./requirements/02-system/01-non-functional/03-external/03-legislative/02-safet
y_security/01-req01.tex)
(./requirements/02-system/01-non-functional/03-external/03-legislative/02-safet
y_security/02-req02.tex)
(./requirements/02-system/01-non-functional/03-external/03-legislative/02-safet
y_security/03-req03.tex) (./requirements/02-system/02-functional/00-f.tex
[26]
Chapter 2.
) (./requirements/02-system/02-functional/01-req01.tex

Package hyperref Warning: Difference (4) between bookmark levels is greater 
(hyperref)                than one, level fixed on input line 2.

) (./requirements/02-system/02-functional/02-req02.tex

Package hyperref Warning: Difference (3) between bookmark levels is greater 
(hyperref)                than one, level fixed on input line 2.

) (./requirements/02-system/02-functional/03-req03.tex

Package hyperref Warning: Difference (2) between bookmark levels is greater 
(hyperref)                than one, level fixed on input line 2.

) (./requirements/02-system/02-functional/04-req04.tex)
(./requirements/02-system/02-functional/05-req05.tex)
(./requirements/02-system/02-functional/06-req06.tex [27

])
(./requirements/02-system/02-functional/07-req07.tex)
(./requirements/02-system/02-functional/08-req08.tex)
(./requirements/02-system/02-functional/09-req09.tex)
(./requirements/02-system/02-functional/10-req10.tex)
(./requirements/02-system/02-functional/11-req11.tex)
(./requirements/02-system/02-functional/12-req12.tex)
(./requirements/02-system/02-functional/13-req13.tex [28])
(./requirements/02-system/02-functional/14-req14.tex)
(./requirements/02-system/02-functional/15-req15.tex)
(./requirements/02-system/02-functional/16-req16.tex)
(./requirements/03-scenario/00-scen.tex [29] [30

]
Chapter 3.
) (./requirements/03-scenario/sce01.tex
Overfull \hbox (3.58963pt too wide) in paragraph at lines 25--25
[]\OT1/cmr/bx/n/14.4 Scenario for start-ing a con-fer-ence with video,
 []

[31]
Underfull \hbox (badness 10000) in paragraph at lines 49--50

 []

))
Package atveryend Info: Empty hook `BeforeClearDocument' on input line 34.
 [32]
Package atveryend Info: Empty hook `AfterLastShipout' on input line 34.
 (./main.aux)
Package atveryend Info: Empty hook `AtVeryEndDocument' on input line 34.
Package atveryend Info: Executing hook `AtEndAfterFileList' on input line 34.
Package rerunfilecheck Info: File `main.out' has not changed.
(rerunfilecheck)             Checksum: BCE9210DCD86D40770E6E47C5231CB90;9515.
Package atveryend Info: Empty hook `AtVeryVeryEnd' on input line 34.
 ) 
Here is how much of TeX's memory you used:
 8808 strings out of 495032
 138691 string characters out of 6181557
 259637 words of memory out of 5000000
 11666 multiletter control sequences out of 15000+600000
 10934 words of font info for 39 fonts, out of 8000000 for 9000
 14 hyphenation exceptions out of 8191
 46i,6n,41p,1435b,420s stack positions out of 5000i,500n,10000p,200000b,80000s

Output written on main.dvi (32 pages, 156144 bytes).
