\BOOKMARK [0][-]{section*.1}{Glossary}{}% 1
\BOOKMARK [-1][-]{part.1}{I User Requirements}{}% 2
\BOOKMARK [0][-]{paragraph.0.0.0.0.1}{UR001}{part.1}% 3
\BOOKMARK [1][-]{paragraph.0.0.0.0.2}{UR003}{paragraph.0.0.0.0.1}% 4
\BOOKMARK [2][-]{paragraph.0.0.0.0.3}{UR003}{paragraph.0.0.0.0.2}% 5
\BOOKMARK [3][-]{paragraph.0.0.0.0.4}{UR004}{paragraph.0.0.0.0.3}% 6
\BOOKMARK [4][-]{paragraph.0.0.0.0.5}{UR005}{paragraph.0.0.0.0.4}% 7
\BOOKMARK [4][-]{paragraph.0.0.0.0.6}{SR006}{paragraph.0.0.0.0.4}% 8
\BOOKMARK [4][-]{paragraph.0.0.0.0.7}{UR007}{paragraph.0.0.0.0.4}% 9
\BOOKMARK [4][-]{paragraph.0.0.0.0.8}{UR008}{paragraph.0.0.0.0.4}% 10
\BOOKMARK [4][-]{paragraph.0.0.0.0.9}{SR006}{paragraph.0.0.0.0.4}% 11
\BOOKMARK [4][-]{paragraph.0.0.0.0.10}{SR006}{paragraph.0.0.0.0.4}% 12
\BOOKMARK [4][-]{paragraph.0.0.0.0.11}{SR006}{paragraph.0.0.0.0.4}% 13
\BOOKMARK [-1][-]{part.2}{II System Requirements}{}% 14
\BOOKMARK [0][-]{chapter.1}{Non-Functional Requirements}{part.2}% 15
\BOOKMARK [1][-]{section.1.1}{Product Requirements}{chapter.1}% 16
\BOOKMARK [2][-]{subsection.1.1.1}{Usability Requirements}{section.1.1}% 17
\BOOKMARK [2][-]{subsection.1.1.2}{Efficiency Requirements}{section.1.1}% 18
\BOOKMARK [3][-]{subsubsection.1.1.2.1}{Performance Requirements}{subsection.1.1.2}% 19
\BOOKMARK [3][-]{subsubsection.1.1.2.2}{Space Requirements}{subsection.1.1.2}% 20
\BOOKMARK [2][-]{subsection.1.1.3}{Dependability Requirements}{section.1.1}% 21
\BOOKMARK [3][-]{paragraph.1.1.3.0.1}{NFR001}{subsection.1.1.3}% 22
\BOOKMARK [2][-]{subsection.1.1.4}{Security Requirements}{section.1.1}% 23
\BOOKMARK [1][-]{section.1.2}{Organziational Requirements}{chapter.1}% 24
\BOOKMARK [2][-]{subsection.1.2.1}{Environmental Requirements}{section.1.2}% 25
\BOOKMARK [3][-]{paragraph.1.2.1.0.2}{NFR002}{subsection.1.2.1}% 26
\BOOKMARK [2][-]{subsection.1.2.2}{Operational Requirements}{section.1.2}% 27
\BOOKMARK [2][-]{subsection.1.2.3}{Development Requirements}{section.1.2}% 28
\BOOKMARK [1][-]{section.1.3}{External Requirements}{chapter.1}% 29
\BOOKMARK [2][-]{subsection.1.3.1}{Regulatory Requirements}{section.1.3}% 30
\BOOKMARK [2][-]{subsection.1.3.2}{Ethical Requirements}{section.1.3}% 31
\BOOKMARK [2][-]{subsection.1.3.3}{Legislative Requirements}{section.1.3}% 32
\BOOKMARK [3][-]{subsubsection.1.3.3.1}{Accounting Requirements}{subsection.1.3.3}% 33
\BOOKMARK [3][-]{subsubsection.1.3.3.2}{Safety / Security Requirements}{subsection.1.3.3}% 34
\BOOKMARK [4][-]{paragraph.1.3.3.2.1}{NFR003}{subsubsection.1.3.3.2}% 35
\BOOKMARK [0][-]{chapter.2}{Functional Requirements}{part.2}% 36
\BOOKMARK [1][-]{paragraph.2.0.3.2.2}{FR001}{chapter.2}% 37
\BOOKMARK [2][-]{paragraph.2.0.3.2.3}{FR002}{paragraph.2.0.3.2.2}% 38
\BOOKMARK [3][-]{paragraph.2.0.3.2.4}{FR003}{paragraph.2.0.3.2.3}% 39
\BOOKMARK [4][-]{paragraph.2.0.3.2.5}{FR004}{paragraph.2.0.3.2.4}% 40
\BOOKMARK [4][-]{paragraph.2.0.3.2.6}{FR005}{paragraph.2.0.3.2.4}% 41
\BOOKMARK [0][-]{chapter.3}{Scenarios}{part.2}% 42
\BOOKMARK [1][-]{section.3.1}{Scenario for collecting medical history}{chapter.3}% 43
